[2023-04-18  21:12:53] INFO main/main.c Icecast 2.4.4 server started
[2023-04-18  21:12:53] INFO yp/yp.c YP update thread started
[2023-04-18  21:12:54] INFO connection/connection.c No SSL capability on any configured ports
[2023-04-18  21:13:20] INFO fserve/fserve.c checking for file /yourstreamname (./web/yourstreamname)
[2023-04-18  21:13:20] WARN fserve/fserve.c req for file "./web/yourstreamname" No such file or directory
[2023-04-18  21:13:20] INFO fserve/fserve.c checking for file /favicon.ico (./web/favicon.ico)
[2023-04-18  21:13:20] WARN fserve/fserve.c req for file "./web/favicon.ico" No such file or directory
[2023-04-18  21:15:43] INFO main/main.c Icecast 2.4.4 server started
[2023-04-18  21:15:43] INFO yp/yp.c YP update thread started
[2023-04-18  21:15:44] INFO connection/connection.c No SSL capability on any configured ports
[2023-04-18  21:15:54] INFO fserve/fserve.c checking for file /style.css (./web/style.css)
[2023-04-18  21:15:55] INFO fserve/fserve.c checking for file /icecast.png (./web/icecast.png)
[2023-04-18  21:17:29] INFO admin/admin.c Bad or missing password on admin command request (command: )
[2023-04-18  21:18:09] INFO fserve/fserve.c checking for file /style.css (./web/style.css)
[2023-04-18  21:18:25] INFO fserve/fserve.c checking for file /style.css (./web/style.css)
[2023-04-18  21:18:38] INFO fserve/fserve.c checking for file /style.css (./web/style.css)
[2023-04-18  21:18:42] INFO fserve/fserve.c checking for file /style.css (./web/style.css)
[2023-04-18  21:18:42] INFO fserve/fserve.c checking for file /icecast.png (./web/icecast.png)
[2023-04-18  21:18:47] INFO fserve/fserve.c checking for file /style.css (./web/style.css)
[2023-04-18  21:19:10] INFO fserve/fserve.c checking for file /style.css (./web/style.css)
[2023-04-18  21:19:11] INFO fserve/fserve.c checking for file /style.css (./web/style.css)
[2023-04-18  21:19:12] INFO fserve/fserve.c checking for file /style.css (./web/style.css)
[2023-04-18  21:19:13] INFO fserve/fserve.c checking for file /style.css (./web/style.css)
[2023-04-18  21:19:14] INFO fserve/fserve.c checking for file /style.css (./web/style.css)
[2023-04-18  21:19:14] INFO fserve/fserve.c checking for file /icecast.png (./web/icecast.png)
[2023-04-18  21:22:51] INFO fserve/fserve.c checking for file /style.css (./web/style.css)
[2023-04-18  21:23:08] INFO fserve/fserve.c checking for file /style.css (./web/style.css)
[2023-04-18  21:23:09] INFO fserve/fserve.c checking for file /style.css (./web/style.css)
[2023-04-18  21:28:44] INFO fserve/fserve.c checking for file /default (./web/default)
[2023-04-18  21:28:44] WARN fserve/fserve.c req for file "./web/default" No such file or directory
[2023-04-18  21:28:50] INFO fserve/fserve.c checking for file /style.css (./web/style.css)
[2023-04-18  21:28:51] INFO fserve/fserve.c checking for file /icecast.png (./web/icecast.png)
[2023-04-18  21:32:24] INFO connection/connection.c Source logging in at mountpoint "/stream" from 127.0.0.1
[2023-04-18  21:32:24] WARN format/format.c Unsupported or legacy stream type: "audio/mpeg". Falling back to generic minimal handler for best effort.
[2023-04-18  21:32:24] WARN connection/connection.c OS doesn't support case insenestive substring checks...
[2023-04-18  21:32:24] WARN stats/stats.c No charset found for "ISO8859-1"
[2023-04-18  21:32:24] WARN stats/stats.c No charset found for "ISO8859-1"
[2023-04-18  21:32:24] WARN stats/stats.c No charset found for "ISO8859-1"
[2023-04-18  21:32:24] INFO source/source.c listener count on /stream now 0
[2023-04-18  21:33:15] INFO fserve/fserve.c checking for file /default (./web/default)
[2023-04-18  21:33:15] WARN fserve/fserve.c req for file "./web/default" No such file or directory
[2023-04-18  21:33:17] INFO fserve/fserve.c checking for file /default (./web/default)
[2023-04-18  21:33:17] WARN fserve/fserve.c req for file "./web/default" No such file or directory
[2023-04-18  21:33:22] INFO fserve/fserve.c checking for file /default (./web/default)
[2023-04-18  21:33:22] WARN fserve/fserve.c req for file "./web/default" No such file or directory
[2023-04-18  21:33:24] INFO fserve/fserve.c checking for file /default (./web/default)
[2023-04-18  21:33:24] WARN fserve/fserve.c req for file "./web/default" No such file or directory
[2023-04-18  21:33:28] INFO fserve/fserve.c checking for file /default (./web/default)
[2023-04-18  21:33:28] WARN fserve/fserve.c req for file "./web/default" No such file or directory
[2023-04-18  21:33:30] INFO fserve/fserve.c checking for file /default (./web/default)
[2023-04-18  21:33:30] WARN fserve/fserve.c req for file "./web/default" No such file or directory
[2023-04-18  21:33:34] INFO fserve/fserve.c checking for file /default (./web/default)
[2023-04-18  21:33:34] WARN fserve/fserve.c req for file "./web/default" No such file or directory
[2023-04-18  21:35:53] INFO source/source.c End of Stream /stream
[2023-04-18  21:35:53] INFO source/source.c Source from 127.0.0.1 at "/stream" exiting
[2023-04-18  21:39:11] INFO fserve/fserve.c checking for file /mountpoint (./web/mountpoint)
[2023-04-18  21:39:11] WARN fserve/fserve.c req for file "./web/mountpoint" No such file or directory
[2023-04-18  21:39:31] INFO connection/connection.c Source logging in at mountpoint "/stream" from 127.0.0.1
[2023-04-18  21:39:31] WARN format/format.c Unsupported or legacy stream type: "audio/mpeg". Falling back to generic minimal handler for best effort.
[2023-04-18  21:39:31] WARN connection/connection.c OS doesn't support case insenestive substring checks...
[2023-04-18  21:39:31] WARN stats/stats.c No charset found for "ISO8859-1"
[2023-04-18  21:39:31] WARN stats/stats.c No charset found for "ISO8859-1"
[2023-04-18  21:39:31] WARN stats/stats.c No charset found for "ISO8859-1"
[2023-04-18  21:39:31] INFO source/source.c listener count on /stream now 0
[2023-04-18  21:39:33] INFO admin/admin.c Received admin command metadata on mount "/stream"
[2023-04-18  21:39:33] INFO admin/admin.c Metadata on mountpoint /stream changed to "ID3"
[2023-04-18  21:39:33] WARN stats/stats.c No charset found for "ISO8859-1"
[2023-04-18  21:39:52] INFO source/source.c listener count on /stream now 1
[2023-04-18  21:39:52] INFO source/source.c listener count on /stream now 0
[2023-04-18  21:39:54] INFO source/source.c listener count on /stream now 1
[2023-04-18  21:40:31] INFO source/source.c End of Stream /stream
[2023-04-18  21:40:31] INFO source/source.c Source from 127.0.0.1 at "/stream" exiting
[2023-04-18  21:40:31] INFO source/source.c 1 active listeners on /stream released
[2023-04-18  21:40:34] INFO fserve/fserve.c checking for file /stream (./web/stream)
[2023-04-18  21:40:34] WARN fserve/fserve.c req for file "./web/stream" No such file or directory
[2023-04-18  21:40:37] INFO fserve/fserve.c checking for file /stream (./web/stream)
[2023-04-18  21:40:37] WARN fserve/fserve.c req for file "./web/stream" No such file or directory
[2023-04-18  21:40:39] INFO fserve/fserve.c checking for file /stream (./web/stream)
[2023-04-18  21:40:39] WARN fserve/fserve.c req for file "./web/stream" No such file or directory
[2023-04-18  21:40:41] INFO fserve/fserve.c checking for file /stream (./web/stream)
[2023-04-18  21:40:41] WARN fserve/fserve.c req for file "./web/stream" No such file or directory
[2023-04-18  21:41:09] INFO connection/connection.c Source logging in at mountpoint "/stream" from 127.0.0.1
[2023-04-18  21:41:09] WARN format/format.c Unsupported or legacy stream type: "audio/mpeg". Falling back to generic minimal handler for best effort.
[2023-04-18  21:41:09] WARN connection/connection.c OS doesn't support case insenestive substring checks...
[2023-04-18  21:41:09] WARN stats/stats.c No charset found for "ISO8859-1"
[2023-04-18  21:41:09] WARN stats/stats.c No charset found for "ISO8859-1"
[2023-04-18  21:41:09] WARN stats/stats.c No charset found for "ISO8859-1"
[2023-04-18  21:41:10] INFO source/source.c listener count on /stream now 0
[2023-04-18  21:41:12] INFO admin/admin.c Received admin command metadata on mount "/stream"
[2023-04-18  21:41:12] INFO admin/admin.c Metadata on mountpoint /stream changed to "ID3"
[2023-04-18  21:41:12] WARN stats/stats.c No charset found for "ISO8859-1"
[2023-04-18  21:41:34] INFO source/source.c listener count on /stream now 1
[2023-04-18  21:41:34] INFO source/source.c listener count on /stream now 0
[2023-04-18  21:41:36] INFO source/source.c listener count on /stream now 1
[2023-04-18  21:42:46] INFO source/source.c listener count on /stream now 0
[2023-04-18  21:43:05] INFO source/source.c listener count on /stream now 1
[2023-04-18  21:43:05] INFO source/source.c listener count on /stream now 0
[2023-04-18  21:43:07] INFO source/source.c listener count on /stream now 1
[2023-04-18  21:43:40] INFO source/source.c listener count on /stream now 0
[2023-04-18  21:43:42] INFO source/source.c End of Stream /stream
[2023-04-18  21:43:42] INFO source/source.c Source from 127.0.0.1 at "/stream" exiting
[2023-04-18  22:38:38] INFO main/main.c Icecast 2.4.4 server started
[2023-04-18  22:38:38] INFO yp/yp.c YP update thread started
[2023-04-18  22:38:38] INFO connection/connection.c No SSL capability on any configured ports
[2023-04-18  22:38:44] INFO fserve/fserve.c checking for file /style.css (./web/style.css)
[2023-04-18  22:38:44] INFO fserve/fserve.c checking for file /icecast.png (./web/icecast.png)
[2023-04-18  22:38:45] INFO fserve/fserve.c checking for file /favicon.ico (./web/favicon.ico)
[2023-04-18  22:38:45] WARN fserve/fserve.c req for file "./web/favicon.ico" No such file or directory
[2023-04-18  22:38:47] INFO admin/admin.c Bad or missing password on admin command request (command: )
[2023-04-18  22:38:57] INFO fserve/fserve.c checking for file /style.css (./web/style.css)
[2023-04-18  22:39:01] INFO fserve/fserve.c checking for file /style.css (./web/style.css)
[2023-04-18  22:39:04] INFO fserve/fserve.c checking for file /style.css (./web/style.css)
[2023-04-18  22:39:04] INFO fserve/fserve.c checking for file /icecast.png (./web/icecast.png)
[2023-04-18  22:39:06] INFO fserve/fserve.c checking for file /style.css (./web/style.css)
[2023-04-18  22:39:06] INFO fserve/fserve.c checking for file /icecast.png (./web/icecast.png)
[2023-04-18  22:39:07] INFO fserve/fserve.c checking for file /style.css (./web/style.css)
[2023-04-18  22:39:08] INFO fserve/fserve.c checking for file /icecast.png (./web/icecast.png)
[2023-04-18  22:39:13] INFO fserve/fserve.c checking for file /style.css (./web/style.css)
[2023-04-20  22:50:06] INFO main/main.c Icecast 2.4.4 server started
[2023-04-20  22:50:06] INFO yp/yp.c YP update thread started
[2023-04-20  22:50:06] INFO connection/connection.c No SSL capability on any configured ports
[2023-04-20  22:50:44] INFO fserve/fserve.c checking for file /style.css (./web/style.css)
[2023-04-20  22:50:45] INFO fserve/fserve.c checking for file /icecast.png (./web/icecast.png)
[2023-04-20  22:50:45] INFO fserve/fserve.c checking for file /favicon.ico (./web/favicon.ico)
[2023-04-20  22:50:45] WARN fserve/fserve.c req for file "./web/favicon.ico" No such file or directory
[2023-04-20  22:51:26] INFO connection/connection.c Source logging in at mountpoint "/stream" from 127.0.0.1
[2023-04-20  22:51:26] WARN format/format.c Unsupported or legacy stream type: "audio/mpeg". Falling back to generic minimal handler for best effort.
[2023-04-20  22:51:26] WARN connection/connection.c OS doesn't support case insenestive substring checks...
[2023-04-20  22:51:26] WARN stats/stats.c No charset found for "ISO8859-1"
[2023-04-20  22:51:26] WARN stats/stats.c No charset found for "ISO8859-1"
[2023-04-20  22:51:26] WARN stats/stats.c No charset found for "ISO8859-1"
[2023-04-20  22:51:26] INFO source/source.c listener count on /stream now 0
[2023-04-20  22:51:56] INFO fserve/fserve.c checking for file /style.css (./web/style.css)
[2023-04-20  22:51:56] INFO fserve/fserve.c checking for file /icecast.png (./web/icecast.png)
[2023-04-20  22:51:56] INFO fserve/fserve.c checking for file /tunein.png (./web/tunein.png)
[2023-04-20  22:51:56] INFO fserve/fserve.c checking for file /favicon.ico (./web/favicon.ico)
[2023-04-20  22:51:56] WARN fserve/fserve.c req for file "./web/favicon.ico" No such file or directory
[2023-04-20  22:52:00] INFO fserve/fserve.c checking for file /stream.m3u (./web/stream.m3u)
[2023-04-20  22:52:04] INFO fserve/fserve.c checking for file /stream.xspf (./web/stream.xspf)
[2023-04-20  22:52:22] INFO admin/admin.c Bad or missing password on admin command request (command: )
[2023-04-20  22:52:28] INFO fserve/fserve.c checking for file /style.css (./web/style.css)
[2023-04-20  22:52:29] INFO fserve/fserve.c checking for file /tunein.png (./web/tunein.png)
[2023-04-20  22:52:36] INFO admin/admin.c Received admin command listclients.xsl on mount "/stream"
[2023-04-20  22:52:36] INFO fserve/fserve.c checking for file /style.css (./web/style.css)
[2023-04-20  22:52:36] INFO fserve/fserve.c checking for file /tunein.png (./web/tunein.png)
[2023-04-20  22:52:39] INFO admin/admin.c Received admin command moveclients.xsl on mount "/stream"
[2023-04-20  22:52:39] INFO fserve/fserve.c checking for file /style.css (./web/style.css)
[2023-04-20  22:52:42] INFO fserve/fserve.c checking for file /style.css (./web/style.css)
[2023-04-20  22:52:42] INFO fserve/fserve.c checking for file /tunein.png (./web/tunein.png)
[2023-04-20  22:52:43] INFO fserve/fserve.c checking for file /style.css (./web/style.css)
[2023-04-20  22:52:43] INFO fserve/fserve.c checking for file /icecast.png (./web/icecast.png)
[2023-04-20  22:52:43] INFO fserve/fserve.c checking for file /tunein.png (./web/tunein.png)
[2023-04-20  22:52:49] INFO fserve/fserve.c checking for file /style.css (./web/style.css)
[2023-04-20  22:52:50] INFO fserve/fserve.c checking for file /tunein.png (./web/tunein.png)
[2023-04-20  22:53:09] WARN xslt/xslt.c Error checking for stylesheet file "./web/:8000/status-json.xsl": No such file or directory
[2023-04-20  22:53:09] EROR xslt/xslt.c problem reading stylesheet "./web/:8000/status-json.xsl"
[2023-04-20  22:53:12] WARN xslt/xslt.c Error checking for stylesheet file "./web/:8000/status-json.xsl": No such file or directory
[2023-04-20  22:53:12] EROR xslt/xslt.c problem reading stylesheet "./web/:8000/status-json.xsl"
[2023-04-20  22:53:15] WARN xslt/xslt.c Error checking for stylesheet file "./web/:8000/status-json.xsl": No such file or directory
[2023-04-20  22:53:15] EROR xslt/xslt.c problem reading stylesheet "./web/:8000/status-json.xsl"
[2023-04-20  22:53:18] WARN xslt/xslt.c Error checking for stylesheet file "./web/:8000/status-json.xsl": No such file or directory
[2023-04-20  22:53:18] EROR xslt/xslt.c problem reading stylesheet "./web/:8000/status-json.xsl"
[2023-04-20  22:53:21] WARN xslt/xslt.c Error checking for stylesheet file "./web/:8000/status-json.xsl": No such file or directory
[2023-04-20  22:53:21] EROR xslt/xslt.c problem reading stylesheet "./web/:8000/status-json.xsl"
[2023-04-20  22:54:29] INFO source/source.c End of Stream /stream
[2023-04-20  22:54:29] INFO source/source.c Source from 127.0.0.1 at "/stream" exiting
[2023-04-20  22:55:13] INFO connection/connection.c Source logging in at mountpoint "/stream" from 127.0.0.1
[2023-04-20  22:55:13] WARN format/format.c Unsupported or legacy stream type: "audio/mpeg". Falling back to generic minimal handler for best effort.
[2023-04-20  22:55:13] WARN connection/connection.c OS doesn't support case insenestive substring checks...
[2023-04-20  22:55:13] WARN stats/stats.c No charset found for "ISO8859-1"
[2023-04-20  22:55:13] WARN stats/stats.c No charset found for "ISO8859-1"
[2023-04-20  22:55:13] WARN stats/stats.c No charset found for "ISO8859-1"
[2023-04-20  22:55:13] INFO source/source.c listener count on /stream now 0
[2023-04-20  22:56:40] INFO source/source.c End of Stream /stream
[2023-04-20  22:56:40] INFO source/source.c Source from 127.0.0.1 at "/stream" exiting
[2023-04-20  22:56:43] INFO connection/connection.c Source logging in at mountpoint "/stream" from 127.0.0.1
[2023-04-20  22:56:43] WARN format/format.c Unsupported or legacy stream type: "audio/mpeg". Falling back to generic minimal handler for best effort.
[2023-04-20  22:56:43] WARN connection/connection.c OS doesn't support case insenestive substring checks...
[2023-04-20  22:56:43] WARN stats/stats.c No charset found for "ISO8859-1"
[2023-04-20  22:56:43] WARN stats/stats.c No charset found for "ISO8859-1"
[2023-04-20  22:56:43] WARN stats/stats.c No charset found for "ISO8859-1"
[2023-04-20  22:56:43] INFO source/source.c listener count on /stream now 0
[2023-04-20  22:57:18] INFO admin/admin.c Received admin command listclients.xsl on mount "/stream"
[2023-04-20  22:57:19] INFO fserve/fserve.c checking for file /style.css (./web/style.css)
[2023-04-20  22:57:19] INFO fserve/fserve.c checking for file /tunein.png (./web/tunein.png)
[2023-04-20  22:57:40] INFO source/source.c listener count on /stream now 1
[2023-04-20  22:57:40] INFO source/source.c listener count on /stream now 0
[2023-04-20  22:57:42] INFO source/source.c listener count on /stream now 1
[2023-04-20  22:57:50] INFO admin/admin.c Received admin command listclients.xsl on mount "/stream"
[2023-04-20  22:57:50] INFO fserve/fserve.c checking for file /style.css (./web/style.css)
[2023-04-20  22:57:50] INFO fserve/fserve.c checking for file /tunein.png (./web/tunein.png)
[2023-04-20  22:58:27] INFO admin/admin.c Received admin command killclient.xsl on mount "/stream"
[2023-04-20  22:58:27] INFO admin/admin.c Admin request: client 154 removed
[2023-04-20  22:58:27] INFO fserve/fserve.c checking for file /style.css (./web/style.css)
[2023-04-20  22:58:27] INFO source/source.c listener count on /stream now 0
[2023-04-20  22:58:30] INFO source/source.c listener count on /stream now 1
[2023-04-20  22:58:31] INFO source/source.c listener count on /stream now 0
[2023-04-20  22:58:33] INFO source/source.c End of Stream /stream
[2023-04-20  22:58:33] INFO source/source.c Source from 127.0.0.1 at "/stream" exiting
[2023-04-20  22:59:26] INFO connection/connection.c Source logging in at mountpoint "/stream" from 127.0.0.1
[2023-04-20  22:59:26] WARN format/format.c Unsupported or legacy stream type: "audio/mpeg". Falling back to generic minimal handler for best effort.
[2023-04-20  22:59:26] WARN connection/connection.c OS doesn't support case insenestive substring checks...
[2023-04-20  22:59:26] WARN stats/stats.c No charset found for "ISO8859-1"
[2023-04-20  22:59:26] WARN stats/stats.c No charset found for "ISO8859-1"
[2023-04-20  22:59:26] WARN stats/stats.c No charset found for "ISO8859-1"
[2023-04-20  22:59:26] INFO source/source.c listener count on /stream now 0
[2023-04-20  22:59:45] INFO source/source.c listener count on /stream now 1
[2023-04-20  22:59:45] INFO source/source.c listener count on /stream now 0
[2023-04-20  22:59:47] INFO source/source.c listener count on /stream now 1
[2023-04-20  23:01:02] INFO source/source.c listener count on /stream now 0
[2023-04-20  23:01:06] INFO source/source.c End of Stream /stream
[2023-04-20  23:01:06] INFO source/source.c Source from 127.0.0.1 at "/stream" exiting
[2023-04-20  23:21:09] INFO main/main.c Icecast 2.4.4 server started
[2023-04-20  23:21:09] INFO yp/yp.c YP update thread started
[2023-04-20  23:21:09] INFO connection/connection.c No SSL capability on any configured ports
[2023-04-20  23:21:17] INFO main/main.c Icecast 2.4.4 server started
[2023-04-20  23:21:17] INFO yp/yp.c YP update thread started
[2023-04-20  23:21:17] INFO connection/connection.c No SSL capability on any configured ports
[2023-04-20  23:21:38] INFO fserve/fserve.c checking for file /style.css (./web/style.css)
[2023-04-20  23:21:38] INFO fserve/fserve.c checking for file /icecast.png (./web/icecast.png)
[2023-04-20  23:21:39] INFO fserve/fserve.c checking for file /favicon.ico (./web/favicon.ico)
[2023-04-20  23:21:39] WARN fserve/fserve.c req for file "./web/favicon.ico" No such file or directory
[2023-04-20  23:21:40] INFO admin/admin.c Bad or missing password on admin command request (command: )
[2023-04-20  23:21:48] INFO fserve/fserve.c checking for file /style.css (./web/style.css)
[2023-04-20  23:21:51] INFO fserve/fserve.c checking for file /style.css (./web/style.css)
[2023-04-20  23:21:52] INFO fserve/fserve.c checking for file /style.css (./web/style.css)
[2023-04-20  23:21:52] INFO fserve/fserve.c checking for file /icecast.png (./web/icecast.png)
